[handleMsg]:  {
  key: {
    remoteJid: '51999900396@s.whatsapp.net',
    fromMe: false,
    id: '3EB0284FDC73AF7C344796',
    participant: undefined
  },
  messageTimestamp: 1755705040,
  pushName: 'Richmond',
  broadcast: false,
  message: Message {
    extendedTextMessage: ExtendedTextMessage {
      text: 'hola',
      contextInfo: [ContextInfo],
      inviteLinkGroupTypeV2: 0
    },
    messageContextInfo: MessageContextInfo {
      deviceListMetadata: [DeviceListMetadata],
      deviceListMetadataVersion: 2,
      messageSecret: [Uint8Array]
    }
  },
  body: 'hola',
  from: '51999900396'
}
[QUEUE_SE_ENVIO]:  {
  ref: 'ans_adda8a14-54fc-41ee-95dc-dbd87ede8ab0',
  keyword: 'key_5e4759c6-9ddd-48bd-bf63-cdbf6d8bbcf0',
  answer: '¡Hola! Soy FiscaBot, tu asistente virtual de la SUNAFIL.\n' +
    'Por favor, ingresa tu correo institucional (nombre.apellido@sunafil.gob.pe):',
  options: {
    media: null,
    buttons: [],
    capture: true,
    child: null,
    delay: 0,
    idle: null,
    ref: null,
    nested: [],
    keyword: {},
    callback: true
  },
  refSerialize: '1173e5c7d067e471aa828fbfd9cf5222'
}
[handleMsg]:  {
  key: {
    remoteJid: '51999900396@s.whatsapp.net',
    fromMe: false,
    id: '3EB0AD58A197E86841554B',
    participant: undefined
  },
  messageTimestamp: 1755705049,
  pushName: 'Richmond',
  broadcast: false,
  message: Message {
    extendedTextMessage: ExtendedTextMessage {
      text: 'jgarciaq@sunafil.gob.pe',
      contextInfo: [ContextInfo],
      inviteLinkGroupTypeV2: 0
    },
    messageContextInfo: MessageContextInfo {
      deviceListMetadata: [DeviceListMetadata],
      deviceListMetadataVersion: 2,
      messageSecret: [Uint8Array]
    }
  },
  body: 'jgarciaq@sunafil.gob.pe',
  from: '51999900396'
}
[QUEUE_SE_ENVIO]:  {
  ref: 'ans_b3509f7d-cce6-4a3d-ad2f-46bca571625b',
  keyword: 'ans_adda8a14-54fc-41ee-95dc-dbd87ede8ab0',
  answer: 'Gracias. Ahora, por favor, ingresa tu contraseña institucional.\n' +
    '(Tu mensaje será borrado automáticamente por seguridad)',
  options: {
    media: null,
    buttons: [],
    capture: true,
    child: null,
    delay: 0,
    idle: null,
    ref: null,
    nested: [],
    keyword: {},
    callback: true
  },
  refSerialize: 'df725211a40d07609aaf44e73f513b9d'
}
[handleMsg]:  {
  key: {
    remoteJid: '51999900396@s.whatsapp.net',
    fromMe: false,
    id: '3EB0D52EBE611C559313EC',
    participant: undefined
  },
  messageTimestamp: 1755705053,
  pushName: 'Richmond',
  broadcast: false,
  message: Message {
    extendedTextMessage: ExtendedTextMessage {
      text: '1234',
      contextInfo: [ContextInfo],
      inviteLinkGroupTypeV2: 0
    },
    messageContextInfo: MessageContextInfo {
      deviceListMetadata: [DeviceListMetadata],
      deviceListMetadataVersion: 2,
      messageSecret: [Uint8Array]
    }
  },
  body: '1234',
  from: '51999900396'
}
[handleMsg]:  {
  key: {
    remoteJid: '51999900396@s.whatsapp.net',
    fromMe: false,
    id: '3EB0A748E0252AA78AB744',
    participant: undefined
  },
  messageTimestamp: 1755705061,
  pushName: 'Richmond',
  broadcast: false,
  message: Message {
    extendedTextMessage: ExtendedTextMessage {
      text: 'c',
      contextInfo: [ContextInfo],
      inviteLinkGroupTypeV2: 0
    },
    messageContextInfo: MessageContextInfo {
      deviceListMetadata: [DeviceListMetadata],
      deviceListMetadataVersion: 2,
      messageSecret: [Uint8Array]
    }
  },
  body: 'c',
  from: '51999900396'
}
[handleMsg]:  {
  key: {
    remoteJid: '51999900396@s.whatsapp.net',
    fromMe: false,
    id: '3EB0B449CCBE2CBFB6A5F3',
    participant: undefined
  },
  messageTimestamp: 1755705067,
  pushName: 'Richmond',
  broadcast: false,
  message: Message {
    extendedTextMessage: ExtendedTextMessage {
      text: '2',
      contextInfo: [ContextInfo],
      inviteLinkGroupTypeV2: 0
    },
    messageContextInfo: MessageContextInfo {
      deviceListMetadata: [DeviceListMetadata],
      deviceListMetadataVersion: 2,
      messageSecret: [Uint8Array]
    }
  },
  body: '2',
  from: '51999900396'
}
[handleMsg]:  {
  key: {
    remoteJid: '51999900396@s.whatsapp.net',
    fromMe: false,
    id: 'BAE5EB9EFC2ADB94',
    participant: undefined
  },
  messageTimestamp: 1755722258,
  pushName: 'Richmond',
  broadcast: false,
  message: Message {
    extendedTextMessage: ExtendedTextMessage {
      text: '👋 ¡Hola! Te saluda tu **Asesor Inmobiliario** ✨.'
    }
  },
  body: '👋 ¡Hola! Te saluda tu **Asesor Inmobiliario** ✨.',
  from: '51999900396'
}
[handleMsg]:  {
  key: {
    remoteJid: '51999900396@s.whatsapp.net',
    fromMe: false,
    id: 'BAE58EE62A464B50',
    participant: undefined
  },
  messageTimestamp: 1755722258,
  pushName: 'Richmond',
  broadcast: false,
  message: Message {
    extendedTextMessage: ExtendedTextMessage {
      text: 'Estoy aquí para ayudarte a encontrar la propiedad perfecta.'
    }
  },
  body: 'Estoy aquí para ayudarte a encontrar la propiedad perfecta.',
  from: '51999900396'
}
[QUEUE_SE_ENVIO]:  {
  ref: 'ans_adda8a14-54fc-41ee-95dc-dbd87ede8ab0',
  keyword: 'key_5e4759c6-9ddd-48bd-bf63-cdbf6d8bbcf0',
  answer: '¡Hola! Soy FiscaBot, tu asistente virtual de la SUNAFIL.\n' +
    'Por favor, ingresa tu correo institucional (nombre.apellido@sunafil.gob.pe):',
  options: {
    media: null,
    buttons: [],
    capture: true,
    child: null,
    delay: 0,
    idle: null,
    ref: null,
    nested: [],
    keyword: {},
    callback: true
  },
  refSerialize: '1173e5c7d067e471aa828fbfd9cf5222'
}
[handleMsg]:  {
  key: {
    remoteJid: '51999900396@s.whatsapp.net',
    fromMe: false,
    id: 'BAE53F6447DFF098',
    participant: undefined
  },
  messageTimestamp: 1755722258,
  pushName: 'Richmond',
  broadcast: false,
  message: Message {
    extendedTextMessage: ExtendedTextMessage {
      text: '¡Vamos a comenzar con tu consulta! 🏠'
    }
  },
  body: '¡Vamos a comenzar con tu consulta! 🏠',
  from: '51999900396'
}
[handleMsg]:  {
  key: {
    remoteJid: '51999900396@s.whatsapp.net',
    fromMe: false,
    id: 'BAE50D560F2346F4',
    participant: undefined
  },
  messageTimestamp: 1755722258,
  pushName: 'Richmond',
  broadcast: false,
  message: Message {
    extendedTextMessage: ExtendedTextMessage {
      text: 'Para continuar, por favor, ingresa tu número de DNI para validar tu identidad:'
    }
  },
  body: 'Para continuar, por favor, ingresa tu número de DNI para validar tu identidad:',
  from: '51999900396'
}
